<?xml version="1.0" encoding="UTF-8"?>
<!-- Generated by org.testng.reporters.JUnitReportReporter -->
<testsuite skipped="0" hostname="DESKTOP-25SEFP8" name="com.pack.common.tests.TC004_ValidateCartItems_ShopPage" tests="1" failures="0" timestamp="2021-05-28T21:54:41 AEST" time="23.543" errors="0">
  <testcase name="ShopCart" time="23.543" classname="com.pack.common.tests.TC004_ValidateCartItems_ShopPage"/>
  <system-out/>
</testsuite> <!-- com.pack.common.tests.TC004_ValidateCartItems_ShopPage -->
