<?xml version="1.0" encoding="UTF-8"?>
<!-- Generated by org.testng.reporters.JUnitReportReporter -->
<testsuite skipped="0" hostname="DESKTOP-25SEFP8" name="com.pack.common.tests.TC001_ValidateError_ContactPage" tests="1" failures="0" timestamp="2021-05-28T21:54:41 AEST" time="51.855" errors="0">
  <testcase name="ValidateError_ContactPage" time="51.855" classname="com.pack.common.tests.TC001_ValidateError_ContactPage"/>
  <system-out/>
</testsuite> <!-- com.pack.common.tests.TC001_ValidateError_ContactPage -->
